# JRE version: Java(TM) SE Runtime Environment (12.0.1+12) (build 12.0.1+12)
# Java VM: Java HotSpot(TM) 64-Bit Server VM (12.0.1+12, mixed mode, sharing, tiered, compressed oops, g1 gc, windows-amd64)
Heap:
 garbage-first heap   total 1082368K, used 244736K [0x0000000084c00000, 0x0000000100000000)
  region size 1024K, 13 young (13312K), 13 survivors (13312K)
 Metaspace       used 13194K, capacity 13661K, committed 13696K, reserved 1060864K
  class space    used 1710K, capacity 1909K, committed 1920K, reserved 1048576K
GC Heap History (10 events):
Event: 17.830 GC heap after
{Heap after GC invocations=15 (full 0):
 garbage-first heap   total 152576K, used 106866K [0x0000000084c00000, 0x0000000100000000)
  region size 1024K, 3 young (3072K), 3 survivors (3072K)
 Metaspace       used 13194K, capacity 13661K, committed 13696K, reserved 1060864K
  class space    used 1710K, capacity 1909K, committed 1920K, reserved 1048576K
}
Event: 17.848 GC heap before
{Heap before GC invocations=15 (full 0):
 garbage-first heap   total 152576K, used 122226K [0x0000000084c00000, 0x0000000100000000)
  region size 1024K, 18 young (18432K), 3 survivors (3072K)
 Metaspace       used 13194K, capacity 13661K, committed 13696K, reserved 1060864K
  class space    used 1710K, capacity 1909K, committed 1920K, reserved 1048576K
}
Event: 17.860 GC heap after
{Heap after GC invocations=16 (full 0):
 garbage-first heap   total 457728K, used 112640K [0x0000000084c00000, 0x0000000100000000)
  region size 1024K, 3 young (3072K), 3 survivors (3072K)
 Metaspace       used 13194K, capacity 13661K, committed 13696K, reserved 1060864K
  class space    used 1710K, capacity 1909K, committed 1920K, reserved 1048576K
}
Event: 18.065 GC heap before
{Heap before GC invocations=16 (full 0):
 garbage-first heap   total 457728K, used 214016K [0x0000000084c00000, 0x0000000100000000)
  region size 1024K, 102 young (104448K), 3 survivors (3072K)
 Metaspace       used 13194K, capacity 13661K, committed 13696K, reserved 1060864K
  class space    used 1710K, capacity 1909K, committed 1920K, reserved 1048576K
}
Event: 18.112 GC heap after
{Heap after GC invocations=17 (full 0):
 garbage-first heap   total 457728K, used 147002K [0x0000000084c00000, 0x0000000100000000)
  region size 1024K, 13 young (13312K), 13 survivors (13312K)
 Metaspace       used 13194K, capacity 13661K, committed 13696K, reserved 1060864K
  class space    used 1710K, capacity 1909K, committed 1920K, reserved 1048576K
}
Event: 18.261 GC heap before
{Heap before GC invocations=18 (full 0):
 garbage-first heap   total 457728K, used 248378K [0x0000000084c00000, 0x0000000100000000)
  region size 1024K, 112 young (114688K), 13 survivors (13312K)
 Metaspace       used 13194K, capacity 13661K, committed 13696K, reserved 1060864K
  class space    used 1710K, capacity 1909K, committed 1920K, reserved 1048576K
}
Event: 18.323 GC heap after
{Heap after GC invocations=19 (full 0):
 garbage-first heap   total 457728K, used 181760K [0x0000000084c00000, 0x0000000100000000)
  region size 1024K, 14 young (14336K), 14 survivors (14336K)
 Metaspace       used 13194K, capacity 13661K, committed 13696K, reserved 1060864K
  class space    used 1710K, capacity 1909K, committed 1920K, reserved 1048576K
}
Event: 18.435 GC heap before
{Heap before GC invocations=19 (full 0):
 garbage-first heap   total 457728K, used 276992K [0x0000000084c00000, 0x0000000100000000)
  region size 1024K, 107 young (109568K), 14 survivors (14336K)
 Metaspace       used 13194K, capacity 13661K, committed 13696K, reserved 1060864K
  class space    used 1710K, capacity 1909K, committed 1920K, reserved 1048576K
}
Event: 18.493 GC heap after
{Heap after GC invocations=20 (full 0):
 garbage-first heap   total 457728K, used 214528K [0x0000000084c00000, 0x0000000100000000)
  region size 1024K, 14 young (14336K), 14 survivors (14336K)
 Metaspace       used 13194K, capacity 13661K, committed 13696K, reserved 1060864K
  class space    used 1710K, capacity 1909K, committed 1920K, reserved 1048576K
}
Event: 18.587 GC heap before
{Heap before GC invocations=20 (full 0):
 garbage-first heap   total 457728K, used 301568K [0x0000000084c00000, 0x0000000100000000)
  region size 1024K, 99 young (101376K), 14 survivors (14336K)
 Metaspace       used 13194K, capacity 13661K, committed 13696K, reserved 1060864K
  class space    used 1710K, capacity 1909K, committed 1920K, reserved 1048576K
}

