# JRE version: Java(TM) SE Runtime Environment (12.0.1+12) (build 12.0.1+12)
# Java VM: Java HotSpot(TM) 64-Bit Server VM (12.0.1+12, mixed mode, sharing, tiered, compressed oops, g1 gc, windows-amd64)
Heap:
 garbage-first heap   total 1082368K, used 243712K [0x0000000084c00000, 0x0000000100000000)
  region size 1024K, 13 young (13312K), 13 survivors (13312K)
 Metaspace       used 13216K, capacity 13664K, committed 13696K, reserved 1060864K
  class space    used 1713K, capacity 1909K, committed 1920K, reserved 1048576K
GC Heap History (10 events):
Event: 12.633 GC heap after
{Heap after GC invocations=15 (full 0):
 garbage-first heap   total 152576K, used 104819K [0x0000000084c00000, 0x0000000100000000)
  region size 1024K, 3 young (3072K), 3 survivors (3072K)
 Metaspace       used 13216K, capacity 13664K, committed 13696K, reserved 1060864K
  class space    used 1713K, capacity 1909K, committed 1920K, reserved 1048576K
}
Event: 12.657 GC heap before
{Heap before GC invocations=15 (full 0):
 garbage-first heap   total 152576K, used 121203K [0x0000000084c00000, 0x0000000100000000)
  region size 1024K, 19 young (19456K), 3 survivors (3072K)
 Metaspace       used 13216K, capacity 13664K, committed 13696K, reserved 1060864K
  class space    used 1713K, capacity 1909K, committed 1920K, reserved 1048576K
}
Event: 12.669 GC heap after
{Heap after GC invocations=16 (full 0):
 garbage-first heap   total 457728K, used 110966K [0x0000000084c00000, 0x0000000100000000)
  region size 1024K, 3 young (3072K), 3 survivors (3072K)
 Metaspace       used 13216K, capacity 13664K, committed 13696K, reserved 1060864K
  class space    used 1713K, capacity 1909K, committed 1920K, reserved 1048576K
}
Event: 12.856 GC heap before
{Heap before GC invocations=16 (full 0):
 garbage-first heap   total 457728K, used 213366K [0x0000000084c00000, 0x0000000100000000)
  region size 1024K, 103 young (105472K), 3 survivors (3072K)
 Metaspace       used 13216K, capacity 13664K, committed 13696K, reserved 1060864K
  class space    used 1713K, capacity 1909K, committed 1920K, reserved 1048576K
}
Event: 12.901 GC heap after
{Heap after GC invocations=17 (full 0):
 garbage-first heap   total 457728K, used 145707K [0x0000000084c00000, 0x0000000100000000)
  region size 1024K, 13 young (13312K), 13 survivors (13312K)
 Metaspace       used 13216K, capacity 13664K, committed 13696K, reserved 1060864K
  class space    used 1713K, capacity 1909K, committed 1920K, reserved 1048576K
}
Event: 13.028 GC heap before
{Heap before GC invocations=18 (full 0):
 garbage-first heap   total 457728K, used 247083K [0x0000000084c00000, 0x0000000100000000)
  region size 1024K, 112 young (114688K), 13 survivors (13312K)
 Metaspace       used 13216K, capacity 13664K, committed 13696K, reserved 1060864K
  class space    used 1713K, capacity 1909K, committed 1920K, reserved 1048576K
}
Event: 13.074 GC heap after
{Heap after GC invocations=19 (full 0):
 garbage-first heap   total 457728K, used 180736K [0x0000000084c00000, 0x0000000100000000)
  region size 1024K, 14 young (14336K), 14 survivors (14336K)
 Metaspace       used 13216K, capacity 13664K, committed 13696K, reserved 1060864K
  class space    used 1713K, capacity 1909K, committed 1920K, reserved 1048576K
}
Event: 13.175 GC heap before
{Heap before GC invocations=19 (full 0):
 garbage-first heap   total 457728K, used 275968K [0x0000000084c00000, 0x0000000100000000)
  region size 1024K, 107 young (109568K), 14 survivors (14336K)
 Metaspace       used 13216K, capacity 13664K, committed 13696K, reserved 1060864K
  class space    used 1713K, capacity 1909K, committed 1920K, reserved 1048576K
}
Event: 13.220 GC heap after
{Heap after GC invocations=20 (full 0):
 garbage-first heap   total 457728K, used 213504K [0x0000000084c00000, 0x0000000100000000)
  region size 1024K, 14 young (14336K), 14 survivors (14336K)
 Metaspace       used 13216K, capacity 13664K, committed 13696K, reserved 1060864K
  class space    used 1713K, capacity 1909K, committed 1920K, reserved 1048576K
}
Event: 13.321 GC heap before
{Heap before GC invocations=20 (full 0):
 garbage-first heap   total 457728K, used 300544K [0x0000000084c00000, 0x0000000100000000)
  region size 1024K, 99 young (101376K), 14 survivors (14336K)
 Metaspace       used 13216K, capacity 13664K, committed 13696K, reserved 1060864K
  class space    used 1713K, capacity 1909K, committed 1920K, reserved 1048576K
}

