# JRE version: Java(TM) SE Runtime Environment (11.0.3+12) (build 11.0.3+12-LTS)
# Java VM: Java HotSpot(TM) 64-Bit Server VM (11.0.3+12-LTS, mixed mode, tiered, compressed oops, g1 gc, windows-amd64)
Heap:
 garbage-first heap   total 818176K, used 180224K [0x0000000084c00000, 0x0000000100000000)
  region size 1024K, 6 young (6144K), 6 survivors (6144K)
 Metaspace       used 29004K, capacity 30244K, committed 30336K, reserved 1075200K
  class space    used 3706K, capacity 4181K, committed 4224K, reserved 1048576K
GC Heap History (10 events):
Event: 77.333 GC heap after
{Heap after GC invocations=24 (full 0):
 garbage-first heap   total 179200K, used 125952K [0x0000000084c00000, 0x0000000100000000)
  region size 1024K, 3 young (3072K), 3 survivors (3072K)
 Metaspace       used 29004K, capacity 30244K, committed 30336K, reserved 1075200K
  class space    used 3706K, capacity 4181K, committed 4224K, reserved 1048576K
}
Event: 77.543 GC heap before
{Heap before GC invocations=24 (full 0):
 garbage-first heap   total 179200K, used 139264K [0x0000000084c00000, 0x0000000100000000)
  region size 1024K, 16 young (16384K), 3 survivors (3072K)
 Metaspace       used 29004K, capacity 30244K, committed 30336K, reserved 1075200K
  class space    used 3706K, capacity 4181K, committed 4224K, reserved 1048576K
}
Event: 77.566 GC heap after
{Heap after GC invocations=25 (full 0):
 garbage-first heap   total 358400K, used 134139K [0x0000000084c00000, 0x0000000100000000)
  region size 1024K, 2 young (2048K), 2 survivors (2048K)
 Metaspace       used 29004K, capacity 30244K, committed 30336K, reserved 1075200K
  class space    used 3706K, capacity 4181K, committed 4224K, reserved 1048576K
}
Event: 78.532 GC heap before
{Heap before GC invocations=26 (full 0):
 garbage-first heap   total 358400K, used 177147K [0x0000000084c00000, 0x0000000100000000)
  region size 1024K, 63 young (64512K), 2 survivors (2048K)
 Metaspace       used 29004K, capacity 30244K, committed 30336K, reserved 1075200K
  class space    used 3706K, capacity 4181K, committed 4224K, reserved 1048576K
}
Event: 78.595 GC heap after
{Heap after GC invocations=27 (full 0):
 garbage-first heap   total 358400K, used 150528K [0x0000000084c00000, 0x0000000100000000)
  region size 1024K, 8 young (8192K), 8 survivors (8192K)
 Metaspace       used 29004K, capacity 30244K, committed 30336K, reserved 1075200K
  class space    used 3706K, capacity 4181K, committed 4224K, reserved 1048576K
}
Event: 79.305 GC heap before
{Heap before GC invocations=27 (full 0):
 garbage-first heap   total 358400K, used 209920K [0x0000000084c00000, 0x0000000100000000)
  region size 1024K, 66 young (67584K), 8 survivors (8192K)
 Metaspace       used 29004K, capacity 30244K, committed 30336K, reserved 1075200K
  class space    used 3706K, capacity 4181K, committed 4224K, reserved 1048576K
}
Event: 79.380 GC heap after
{Heap after GC invocations=28 (full 0):
 garbage-first heap   total 358400K, used 185344K [0x0000000084c00000, 0x0000000100000000)
  region size 1024K, 9 young (9216K), 9 survivors (9216K)
 Metaspace       used 29004K, capacity 30244K, committed 30336K, reserved 1075200K
  class space    used 3706K, capacity 4181K, committed 4224K, reserved 1048576K
}
Event: 79.980 GC heap before
{Heap before GC invocations=28 (full 0):
 garbage-first heap   total 358400K, used 235520K [0x0000000084c00000, 0x0000000100000000)
  region size 1024K, 58 young (59392K), 9 survivors (9216K)
 Metaspace       used 29004K, capacity 30244K, committed 30336K, reserved 1075200K
  class space    used 3706K, capacity 4181K, committed 4224K, reserved 1048576K
}
Event: 80.042 GC heap after
{Heap after GC invocations=29 (full 0):
 garbage-first heap   total 358400K, used 214528K [0x0000000084c00000, 0x0000000100000000)
  region size 1024K, 8 young (8192K), 8 survivors (8192K)
 Metaspace       used 29004K, capacity 30244K, committed 30336K, reserved 1075200K
  class space    used 3706K, capacity 4181K, committed 4224K, reserved 1048576K
}
Event: 80.629 GC heap before
{Heap before GC invocations=29 (full 0):
 garbage-first heap   total 358400K, used 197120K [0x0000000084c00000, 0x0000000100000000)
  region size 1024K, 48 young (49152K), 8 survivors (8192K)
 Metaspace       used 29004K, capacity 30244K, committed 30336K, reserved 1075200K
  class space    used 3706K, capacity 4181K, committed 4224K, reserved 1048576K
}

