# JRE version: Java(TM) SE Runtime Environment (11.0.3+12) (build 11.0.3+12-LTS)
# Java VM: Java HotSpot(TM) 64-Bit Server VM (11.0.3+12-LTS, mixed mode, tiered, compressed oops, g1 gc, windows-amd64)
Heap:
 garbage-first heap   total 836608K, used 245760K [0x0000000084c00000, 0x0000000100000000)
  region size 1024K, 7 young (7168K), 7 survivors (7168K)
 Metaspace       used 27598K, capacity 28694K, committed 28928K, reserved 1075200K
  class space    used 3634K, capacity 4078K, committed 4096K, reserved 1048576K
GC Heap History (10 events):
Event: 36.052 GC heap after
{Heap after GC invocations=24 (full 0):
 garbage-first heap   total 183296K, used 119295K [0x0000000084c00000, 0x0000000100000000)
  region size 1024K, 3 young (3072K), 3 survivors (3072K)
 Metaspace       used 27598K, capacity 28694K, committed 28928K, reserved 1075200K
  class space    used 3634K, capacity 4078K, committed 4096K, reserved 1048576K
}
Event: 36.110 GC heap before
{Heap before GC invocations=24 (full 0):
 garbage-first heap   total 183296K, used 124415K [0x0000000084c00000, 0x0000000100000000)
  region size 1024K, 8 young (8192K), 3 survivors (3072K)
 Metaspace       used 27598K, capacity 28694K, committed 28928K, reserved 1075200K
  class space    used 3634K, capacity 4078K, committed 4096K, reserved 1048576K
}
Event: 36.126 GC heap after
{Heap after GC invocations=25 (full 0):
 garbage-first heap   total 366592K, used 120698K [0x0000000084c00000, 0x0000000100000000)
  region size 1024K, 1 young (1024K), 1 survivors (1024K)
 Metaspace       used 27598K, capacity 28694K, committed 28928K, reserved 1075200K
  class space    used 3634K, capacity 4078K, committed 4096K, reserved 1048576K
}
Event: 36.866 GC heap before
{Heap before GC invocations=25 (full 0):
 garbage-first heap   total 366592K, used 189306K [0x0000000084c00000, 0x0000000100000000)
  region size 1024K, 68 young (69632K), 1 survivors (1024K)
 Metaspace       used 27598K, capacity 28694K, committed 28928K, reserved 1075200K
  class space    used 3634K, capacity 4078K, committed 4096K, reserved 1048576K
}
Event: 36.941 GC heap after
{Heap after GC invocations=26 (full 0):
 garbage-first heap   total 366592K, used 158720K [0x0000000084c00000, 0x0000000100000000)
  region size 1024K, 9 young (9216K), 9 survivors (9216K)
 Metaspace       used 27598K, capacity 28694K, committed 28928K, reserved 1075200K
  class space    used 3634K, capacity 4078K, committed 4096K, reserved 1048576K
}
Event: 37.570 GC heap before
{Heap before GC invocations=26 (full 0):
 garbage-first heap   total 366592K, used 218112K [0x0000000084c00000, 0x0000000100000000)
  region size 1024K, 67 young (68608K), 9 survivors (9216K)
 Metaspace       used 27598K, capacity 28694K, committed 28928K, reserved 1075200K
  class space    used 3634K, capacity 4078K, committed 4096K, reserved 1048576K
}
Event: 37.635 GC heap after
{Heap after GC invocations=27 (full 0):
 garbage-first heap   total 366592K, used 192512K [0x0000000084c00000, 0x0000000100000000)
  region size 1024K, 9 young (9216K), 9 survivors (9216K)
 Metaspace       used 27598K, capacity 28694K, committed 28928K, reserved 1075200K
  class space    used 3634K, capacity 4078K, committed 4096K, reserved 1048576K
}
Event: 38.178 GC heap before
{Heap before GC invocations=27 (full 0):
 garbage-first heap   total 366592K, used 243712K [0x0000000084c00000, 0x0000000100000000)
  region size 1024K, 59 young (60416K), 9 survivors (9216K)
 Metaspace       used 27598K, capacity 28694K, committed 28928K, reserved 1075200K
  class space    used 3634K, capacity 4078K, committed 4096K, reserved 1048576K
}
Event: 38.245 GC heap after
{Heap after GC invocations=28 (full 0):
 garbage-first heap   total 366592K, used 221696K [0x0000000084c00000, 0x0000000100000000)
  region size 1024K, 8 young (8192K), 8 survivors (8192K)
 Metaspace       used 27598K, capacity 28694K, committed 28928K, reserved 1075200K
  class space    used 3634K, capacity 4078K, committed 4096K, reserved 1048576K
}
Event: 38.681 GC heap before
{Heap before GC invocations=28 (full 0):
 garbage-first heap   total 366592K, used 263680K [0x0000000084c00000, 0x0000000100000000)
  region size 1024K, 49 young (50176K), 8 survivors (8192K)
 Metaspace       used 27598K, capacity 28694K, committed 28928K, reserved 1075200K
  class space    used 3634K, capacity 4078K, committed 4096K, reserved 1048576K
}

