# JRE version: Java(TM) SE Runtime Environment (11.0.3+12) (build 11.0.3+12-LTS)
# Java VM: Java HotSpot(TM) 64-Bit Server VM (11.0.3+12-LTS, mixed mode, tiered, compressed oops, g1 gc, windows-amd64)
Heap:
 garbage-first heap   total 557056K, used 177152K [0x0000000084c00000, 0x0000000100000000)
  region size 1024K, 6 young (6144K), 6 survivors (6144K)
 Metaspace       used 28432K, capacity 29665K, committed 29952K, reserved 1075200K
  class space    used 3779K, capacity 4285K, committed 4352K, reserved 1048576K
GC Heap History (10 events):
Event: 17.603 GC heap after
{Heap after GC invocations=18 (full 0):
 garbage-first heap   total 183296K, used 131063K [0x0000000084c00000, 0x0000000100000000)
  region size 1024K, 3 young (3072K), 3 survivors (3072K)
 Metaspace       used 28432K, capacity 29665K, committed 29952K, reserved 1075200K
  class space    used 3779K, capacity 4285K, committed 4352K, reserved 1048576K
}
Event: 17.796 GC heap before
{Heap before GC invocations=18 (full 0):
 garbage-first heap   total 183296K, used 127991K [0x0000000084c00000, 0x0000000100000000)
  region size 1024K, 17 young (17408K), 3 survivors (3072K)
 Metaspace       used 28432K, capacity 29665K, committed 29952K, reserved 1075200K
  class space    used 3779K, capacity 4285K, committed 4352K, reserved 1048576K
}
Event: 17.817 GC heap after
{Heap after GC invocations=19 (full 0):
 garbage-first heap   total 278528K, used 122880K [0x0000000084c00000, 0x0000000100000000)
  region size 1024K, 3 young (3072K), 3 survivors (3072K)
 Metaspace       used 28432K, capacity 29665K, committed 29952K, reserved 1075200K
  class space    used 3779K, capacity 4285K, committed 4352K, reserved 1048576K
}
Event: 18.302 GC heap before
{Heap before GC invocations=20 (full 0):
 garbage-first heap   total 278528K, used 167936K [0x0000000084c00000, 0x0000000100000000)
  region size 1024K, 47 young (48128K), 3 survivors (3072K)
 Metaspace       used 28432K, capacity 29665K, committed 29952K, reserved 1075200K
  class space    used 3779K, capacity 4285K, committed 4352K, reserved 1048576K
}
Event: 18.346 GC heap after
{Heap after GC invocations=21 (full 0):
 garbage-first heap   total 278528K, used 148917K [0x0000000084c00000, 0x0000000100000000)
  region size 1024K, 6 young (6144K), 6 survivors (6144K)
 Metaspace       used 28432K, capacity 29665K, committed 29952K, reserved 1075200K
  class space    used 3779K, capacity 4285K, committed 4352K, reserved 1048576K
}
Event: 18.743 GC heap before
{Heap before GC invocations=21 (full 0):
 garbage-first heap   total 278528K, used 186805K [0x0000000084c00000, 0x0000000100000000)
  region size 1024K, 43 young (44032K), 6 survivors (6144K)
 Metaspace       used 28432K, capacity 29665K, committed 29952K, reserved 1075200K
  class space    used 3779K, capacity 4285K, committed 4352K, reserved 1048576K
}
Event: 18.786 GC heap after
{Heap after GC invocations=22 (full 0):
 garbage-first heap   total 278528K, used 171008K [0x0000000084c00000, 0x0000000100000000)
  region size 1024K, 6 young (6144K), 6 survivors (6144K)
 Metaspace       used 28432K, capacity 29665K, committed 29952K, reserved 1075200K
  class space    used 3779K, capacity 4285K, committed 4352K, reserved 1048576K
}
Event: 19.177 GC heap before
{Heap before GC invocations=22 (full 0):
 garbage-first heap   total 278528K, used 167936K [0x0000000084c00000, 0x0000000100000000)
  region size 1024K, 37 young (37888K), 6 survivors (6144K)
 Metaspace       used 28432K, capacity 29665K, committed 29952K, reserved 1075200K
  class space    used 3779K, capacity 4285K, committed 4352K, reserved 1048576K
}
Event: 19.218 GC heap after
{Heap after GC invocations=23 (full 0):
 garbage-first heap   total 278528K, used 155648K [0x0000000084c00000, 0x0000000100000000)
  region size 1024K, 5 young (5120K), 5 survivors (5120K)
 Metaspace       used 28432K, capacity 29665K, committed 29952K, reserved 1075200K
  class space    used 3779K, capacity 4285K, committed 4352K, reserved 1048576K
}
Event: 19.647 GC heap before
{Heap before GC invocations=24 (full 0):
 garbage-first heap   total 278528K, used 192512K [0x0000000084c00000, 0x0000000100000000)
  region size 1024K, 41 young (41984K), 5 survivors (5120K)
 Metaspace       used 28432K, capacity 29665K, committed 29952K, reserved 1075200K
  class space    used 3779K, capacity 4285K, committed 4352K, reserved 1048576K
}

