# JRE version: Java(TM) SE Runtime Environment (12.0.1+12) (build 12.0.1+12)
# Java VM: Java HotSpot(TM) 64-Bit Server VM (12.0.1+12, mixed mode, sharing, tiered, compressed oops, g1 gc, windows-amd64)
Heap:
 garbage-first heap   total 743424K, used 183296K [0x0000000084c00000, 0x0000000100000000)
  region size 1024K, 7 young (7168K), 7 survivors (7168K)
 Metaspace       used 19048K, capacity 19963K, committed 20096K, reserved 1067008K
  class space    used 2746K, capacity 3125K, committed 3200K, reserved 1048576K
GC Heap History (10 events):
Event: 15.890 GC heap after
{Heap after GC invocations=17 (full 0):
 garbage-first heap   total 189440K, used 123239K [0x0000000084c00000, 0x0000000100000000)
  region size 1024K, 4 young (4096K), 4 survivors (4096K)
 Metaspace       used 19048K, capacity 19963K, committed 20096K, reserved 1067008K
  class space    used 2746K, capacity 3125K, committed 3200K, reserved 1048576K
}
Event: 16.184 GC heap before
{Heap before GC invocations=17 (full 0):
 garbage-first heap   total 189440K, used 142695K [0x0000000084c00000, 0x0000000100000000)
  region size 1024K, 23 young (23552K), 4 survivors (4096K)
 Metaspace       used 19048K, capacity 19963K, committed 20096K, reserved 1067008K
  class space    used 2746K, capacity 3125K, committed 3200K, reserved 1048576K
}
Event: 16.210 GC heap after
{Heap after GC invocations=18 (full 0):
 garbage-first heap   total 376832K, used 135168K [0x0000000084c00000, 0x0000000100000000)
  region size 1024K, 3 young (3072K), 3 survivors (3072K)
 Metaspace       used 19048K, capacity 19963K, committed 20096K, reserved 1067008K
  class space    used 2746K, capacity 3125K, committed 3200K, reserved 1048576K
}
Event: 17.039 GC heap before
{Heap before GC invocations=19 (full 0):
 garbage-first heap   total 376832K, used 183296K [0x0000000084c00000, 0x0000000100000000)
  region size 1024K, 71 young (72704K), 3 survivors (3072K)
 Metaspace       used 19048K, capacity 19963K, committed 20096K, reserved 1067008K
  class space    used 2746K, capacity 3125K, committed 3200K, reserved 1048576K
}
Event: 17.114 GC heap after
{Heap after GC invocations=20 (full 0):
 garbage-first heap   total 376832K, used 153088K [0x0000000084c00000, 0x0000000100000000)
  region size 1024K, 9 young (9216K), 9 survivors (9216K)
 Metaspace       used 19048K, capacity 19963K, committed 20096K, reserved 1067008K
  class space    used 2746K, capacity 3125K, committed 3200K, reserved 1048576K
}
Event: 17.847 GC heap before
{Heap before GC invocations=20 (full 0):
 garbage-first heap   total 376832K, used 218624K [0x0000000084c00000, 0x0000000100000000)
  region size 1024K, 73 young (74752K), 9 survivors (9216K)
 Metaspace       used 19048K, capacity 19963K, committed 20096K, reserved 1067008K
  class space    used 2746K, capacity 3125K, committed 3200K, reserved 1048576K
}
Event: 17.919 GC heap after
{Heap after GC invocations=21 (full 0):
 garbage-first heap   total 376832K, used 189952K [0x0000000084c00000, 0x0000000100000000)
  region size 1024K, 10 young (10240K), 10 survivors (10240K)
 Metaspace       used 19048K, capacity 19963K, committed 20096K, reserved 1067008K
  class space    used 2746K, capacity 3125K, committed 3200K, reserved 1048576K
}
Event: 18.545 GC heap before
{Heap before GC invocations=21 (full 0):
 garbage-first heap   total 376832K, used 246272K [0x0000000084c00000, 0x0000000100000000)
  region size 1024K, 65 young (66560K), 10 survivors (10240K)
 Metaspace       used 19048K, capacity 19963K, committed 20096K, reserved 1067008K
  class space    used 2746K, capacity 3125K, committed 3200K, reserved 1048576K
}
Event: 18.617 GC heap after
{Heap after GC invocations=22 (full 0):
 garbage-first heap   total 376832K, used 222208K [0x0000000084c00000, 0x0000000100000000)
  region size 1024K, 9 young (9216K), 9 survivors (9216K)
 Metaspace       used 19048K, capacity 19963K, committed 20096K, reserved 1067008K
  class space    used 2746K, capacity 3125K, committed 3200K, reserved 1048576K
}
Event: 19.212 GC heap before
{Heap before GC invocations=22 (full 0):
 garbage-first heap   total 376832K, used 202752K [0x0000000084c00000, 0x0000000100000000)
  region size 1024K, 54 young (55296K), 9 survivors (9216K)
 Metaspace       used 19048K, capacity 19963K, committed 20096K, reserved 1067008K
  class space    used 2746K, capacity 3125K, committed 3200K, reserved 1048576K
}

