# JRE version: Java(TM) SE Runtime Environment (11.0.3+12) (build 11.0.3+12-LTS)
# Java VM: Java HotSpot(TM) 64-Bit Server VM (11.0.3+12-LTS, mixed mode, tiered, compressed oops, g1 gc, windows-amd64)
Heap:
 garbage-first heap   total 699392K, used 224768K [0x0000000084c00000, 0x0000000100000000)
  region size 1024K, 5 young (5120K), 5 survivors (5120K)
 Metaspace       used 27746K, capacity 28895K, committed 28928K, reserved 1075200K
  class space    used 3634K, capacity 4078K, committed 4096K, reserved 1048576K
GC Heap History (10 events):
Event: 21.128 GC heap after
{Heap after GC invocations=20 (full 0):
 garbage-first heap   total 183296K, used 122880K [0x0000000084c00000, 0x0000000100000000)
  region size 1024K, 3 young (3072K), 3 survivors (3072K)
 Metaspace       used 27746K, capacity 28895K, committed 28928K, reserved 1075200K
  class space    used 3634K, capacity 4078K, committed 4096K, reserved 1048576K
}
Event: 21.184 GC heap before
{Heap before GC invocations=20 (full 0):
 garbage-first heap   total 183296K, used 128000K [0x0000000084c00000, 0x0000000100000000)
  region size 1024K, 8 young (8192K), 3 survivors (3072K)
 Metaspace       used 27746K, capacity 28895K, committed 28928K, reserved 1075200K
  class space    used 3634K, capacity 4078K, committed 4096K, reserved 1048576K
}
Event: 21.199 GC heap after
{Heap after GC invocations=21 (full 0):
 garbage-first heap   total 322560K, used 121687K [0x0000000084c00000, 0x0000000100000000)
  region size 1024K, 1 young (1024K), 1 survivors (1024K)
 Metaspace       used 27746K, capacity 28895K, committed 28928K, reserved 1075200K
  class space    used 3634K, capacity 4078K, committed 4096K, reserved 1048576K
}
Event: 21.845 GC heap before
{Heap before GC invocations=21 (full 0):
 garbage-first heap   total 322560K, used 179031K [0x0000000084c00000, 0x0000000100000000)
  region size 1024K, 57 young (58368K), 1 survivors (1024K)
 Metaspace       used 27746K, capacity 28895K, committed 28928K, reserved 1075200K
  class space    used 3634K, capacity 4078K, committed 4096K, reserved 1048576K
}
Event: 21.904 GC heap after
{Heap after GC invocations=22 (full 0):
 garbage-first heap   total 322560K, used 153600K [0x0000000084c00000, 0x0000000100000000)
  region size 1024K, 8 young (8192K), 8 survivors (8192K)
 Metaspace       used 27746K, capacity 28895K, committed 28928K, reserved 1075200K
  class space    used 3634K, capacity 4078K, committed 4096K, reserved 1048576K
}
Event: 22.431 GC heap before
{Heap before GC invocations=22 (full 0):
 garbage-first heap   total 322560K, used 202752K [0x0000000084c00000, 0x0000000100000000)
  region size 1024K, 56 young (57344K), 8 survivors (8192K)
 Metaspace       used 27746K, capacity 28895K, committed 28928K, reserved 1075200K
  class space    used 3634K, capacity 4078K, committed 4096K, reserved 1048576K
}
Event: 22.485 GC heap after
{Heap after GC invocations=23 (full 0):
 garbage-first heap   total 322560K, used 181760K [0x0000000084c00000, 0x0000000100000000)
  region size 1024K, 7 young (7168K), 7 survivors (7168K)
 Metaspace       used 27746K, capacity 28895K, committed 28928K, reserved 1075200K
  class space    used 3634K, capacity 4078K, committed 4096K, reserved 1048576K
}
Event: 22.924 GC heap before
{Heap before GC invocations=23 (full 0):
 garbage-first heap   total 322560K, used 222720K [0x0000000084c00000, 0x0000000100000000)
  region size 1024K, 47 young (48128K), 7 survivors (7168K)
 Metaspace       used 27746K, capacity 28895K, committed 28928K, reserved 1075200K
  class space    used 3634K, capacity 4078K, committed 4096K, reserved 1048576K
}
Event: 22.974 GC heap after
{Heap after GC invocations=24 (full 0):
 garbage-first heap   total 322560K, used 205312K [0x0000000084c00000, 0x0000000100000000)
  region size 1024K, 6 young (6144K), 6 survivors (6144K)
 Metaspace       used 27746K, capacity 28895K, committed 28928K, reserved 1075200K
  class space    used 3634K, capacity 4078K, committed 4096K, reserved 1048576K
}
Event: 23.332 GC heap before
{Heap before GC invocations=24 (full 0):
 garbage-first heap   total 322560K, used 239104K [0x0000000084c00000, 0x0000000100000000)
  region size 1024K, 39 young (39936K), 6 survivors (6144K)
 Metaspace       used 27746K, capacity 28895K, committed 28928K, reserved 1075200K
  class space    used 3634K, capacity 4078K, committed 4096K, reserved 1048576K
}

