# JRE version: Java(TM) SE Runtime Environment (11.0.3+12) (build 11.0.3+12-LTS)
# Java VM: Java HotSpot(TM) 64-Bit Server VM (11.0.3+12-LTS, mixed mode, tiered, compressed oops, g1 gc, windows-amd64)
Heap:
 garbage-first heap   total 674816K, used 209408K [0x0000000084c00000, 0x0000000100000000)
  region size 1024K, 5 young (5120K), 5 survivors (5120K)
 Metaspace       used 30167K, capacity 31568K, committed 31616K, reserved 1077248K
  class space    used 3879K, capacity 4459K, committed 4480K, reserved 1048576K
GC Heap History (10 events):
Event: 87.589 GC heap after
{Heap after GC invocations=86 (full 0):
 garbage-first heap   total 257024K, used 134144K [0x0000000084c00000, 0x0000000100000000)
  region size 1024K, 5 young (5120K), 5 survivors (5120K)
 Metaspace       used 30167K, capacity 31568K, committed 31616K, reserved 1077248K
  class space    used 3879K, capacity 4459K, committed 4480K, reserved 1048576K
}
Event: 87.996 GC heap before
{Heap before GC invocations=87 (full 0):
 garbage-first heap   total 257024K, used 173056K [0x0000000084c00000, 0x0000000100000000)
  region size 1024K, 43 young (44032K), 5 survivors (5120K)
 Metaspace       used 30167K, capacity 31568K, committed 31616K, reserved 1077248K
  class space    used 3879K, capacity 4459K, committed 4480K, reserved 1048576K
}
Event: 88.040 GC heap after
{Heap after GC invocations=88 (full 0):
 garbage-first heap   total 337920K, used 157184K [0x0000000084c00000, 0x0000000100000000)
  region size 1024K, 6 young (6144K), 6 survivors (6144K)
 Metaspace       used 30167K, capacity 31568K, committed 31616K, reserved 1077248K
  class space    used 3879K, capacity 4459K, committed 4480K, reserved 1048576K
}
Event: 88.611 GC heap before
{Heap before GC invocations=88 (full 0):
 garbage-first heap   total 337920K, used 212480K [0x0000000084c00000, 0x0000000100000000)
  region size 1024K, 60 young (61440K), 6 survivors (6144K)
 Metaspace       used 30167K, capacity 31568K, committed 31616K, reserved 1077248K
  class space    used 3879K, capacity 4459K, committed 4480K, reserved 1048576K
}
Event: 88.678 GC heap after
{Heap after GC invocations=89 (full 0):
 garbage-first heap   total 337920K, used 189952K [0x0000000084c00000, 0x0000000100000000)
  region size 1024K, 8 young (8192K), 8 survivors (8192K)
 Metaspace       used 30167K, capacity 31568K, committed 31616K, reserved 1077248K
  class space    used 3879K, capacity 4459K, committed 4480K, reserved 1048576K
}
Event: 89.146 GC heap before
{Heap before GC invocations=89 (full 0):
 garbage-first heap   total 337920K, used 236032K [0x0000000084c00000, 0x0000000100000000)
  region size 1024K, 53 young (54272K), 8 survivors (8192K)
 Metaspace       used 30167K, capacity 31568K, committed 31616K, reserved 1077248K
  class space    used 3879K, capacity 4459K, committed 4480K, reserved 1048576K
}
Event: 89.204 GC heap after
{Heap after GC invocations=90 (full 0):
 garbage-first heap   total 337920K, used 217088K [0x0000000084c00000, 0x0000000100000000)
  region size 1024K, 7 young (7168K), 7 survivors (7168K)
 Metaspace       used 30167K, capacity 31568K, committed 31616K, reserved 1077248K
  class space    used 3879K, capacity 4459K, committed 4480K, reserved 1048576K
}
Event: 89.643 GC heap before
{Heap before GC invocations=90 (full 0):
 garbage-first heap   total 337920K, used 253952K [0x0000000084c00000, 0x0000000100000000)
  region size 1024K, 43 young (44032K), 7 survivors (7168K)
 Metaspace       used 30167K, capacity 31568K, committed 31616K, reserved 1077248K
  class space    used 3879K, capacity 4459K, committed 4480K, reserved 1048576K
}
Event: 89.686 GC heap after
{Heap after GC invocations=91 (full 0):
 garbage-first heap   total 337920K, used 238592K [0x0000000084c00000, 0x0000000100000000)
  region size 1024K, 6 young (6144K), 6 survivors (6144K)
 Metaspace       used 30167K, capacity 31568K, committed 31616K, reserved 1077248K
  class space    used 3879K, capacity 4459K, committed 4480K, reserved 1048576K
}
Event: 90.028 GC heap before
{Heap before GC invocations=91 (full 0):
 garbage-first heap   total 337920K, used 220160K [0x0000000084c00000, 0x0000000100000000)
  region size 1024K, 33 young (33792K), 6 survivors (6144K)
 Metaspace       used 30167K, capacity 31568K, committed 31616K, reserved 1077248K
  class space    used 3879K, capacity 4459K, committed 4480K, reserved 1048576K
}

