# JRE version: Java(TM) SE Runtime Environment (12.0.1+12) (build 12.0.1+12)
# Java VM: Java HotSpot(TM) 64-Bit Server VM (12.0.1+12, mixed mode, sharing, tiered, compressed oops, g1 gc, windows-amd64)
Heap:
 garbage-first heap   total 183296K, used 2598K [0x0000000084c00000, 0x0000000100000000)
  region size 1024K, 3 young (3072K), 3 survivors (3072K)
 Metaspace       used 1245K, capacity 4655K, committed 4864K, reserved 1056768K
  class space    used 111K, capacity 420K, committed 512K, reserved 1048576K
GC Heap History (10 events):
Event: 1.700 GC heap after
{Heap after GC invocations=7 (full 0):
 garbage-first heap   total 152576K, used 2498K [0x0000000084c00000, 0x0000000100000000)
  region size 1024K, 3 young (3072K), 3 survivors (3072K)
 Metaspace       used 1245K, capacity 4655K, committed 4864K, reserved 1056768K
  class space    used 111K, capacity 420K, committed 512K, reserved 1048576K
}
Event: 1.839 GC heap before
{Heap before GC invocations=7 (full 0):
 garbage-first heap   total 152576K, used 90562K [0x0000000084c00000, 0x0000000100000000)
  region size 1024K, 89 young (91136K), 3 survivors (3072K)
 Metaspace       used 1245K, capacity 4655K, committed 4864K, reserved 1056768K
  class space    used 111K, capacity 420K, committed 512K, reserved 1048576K
}
Event: 1.842 GC heap after
{Heap after GC invocations=8 (full 0):
 garbage-first heap   total 152576K, used 2680K [0x0000000084c00000, 0x0000000100000000)
  region size 1024K, 3 young (3072K), 3 survivors (3072K)
 Metaspace       used 1245K, capacity 4655K, committed 4864K, reserved 1056768K
  class space    used 111K, capacity 420K, committed 512K, reserved 1048576K
}
Event: 1.941 GC heap before
{Heap before GC invocations=8 (full 0):
 garbage-first heap   total 152576K, used 90744K [0x0000000084c00000, 0x0000000100000000)
  region size 1024K, 89 young (91136K), 3 survivors (3072K)
 Metaspace       used 1245K, capacity 4655K, committed 4864K, reserved 1056768K
  class space    used 111K, capacity 420K, committed 512K, reserved 1048576K
}
Event: 1.943 GC heap after
{Heap after GC invocations=9 (full 0):
 garbage-first heap   total 152576K, used 2465K [0x0000000084c00000, 0x0000000100000000)
  region size 1024K, 3 young (3072K), 3 survivors (3072K)
 Metaspace       used 1245K, capacity 4655K, committed 4864K, reserved 1056768K
  class space    used 111K, capacity 420K, committed 512K, reserved 1048576K
}
Event: 2.070 GC heap before
{Heap before GC invocations=9 (full 0):
 garbage-first heap   total 152576K, used 90529K [0x0000000084c00000, 0x0000000100000000)
  region size 1024K, 89 young (91136K), 3 survivors (3072K)
 Metaspace       used 1245K, capacity 4655K, committed 4864K, reserved 1056768K
  class space    used 111K, capacity 420K, committed 512K, reserved 1048576K
}
Event: 2.072 GC heap after
{Heap after GC invocations=10 (full 0):
 garbage-first heap   total 152576K, used 2677K [0x0000000084c00000, 0x0000000100000000)
  region size 1024K, 3 young (3072K), 3 survivors (3072K)
 Metaspace       used 1245K, capacity 4655K, committed 4864K, reserved 1056768K
  class space    used 111K, capacity 420K, committed 512K, reserved 1048576K
}
Event: 2.213 GC heap before
{Heap before GC invocations=10 (full 0):
 garbage-first heap   total 152576K, used 90741K [0x0000000084c00000, 0x0000000100000000)
  region size 1024K, 89 young (91136K), 3 survivors (3072K)
 Metaspace       used 1245K, capacity 4655K, committed 4864K, reserved 1056768K
  class space    used 111K, capacity 420K, committed 512K, reserved 1048576K
}
Event: 2.216 GC heap after
{Heap after GC invocations=11 (full 0):
 garbage-first heap   total 152576K, used 2464K [0x0000000084c00000, 0x0000000100000000)
  region size 1024K, 3 young (3072K), 3 survivors (3072K)
 Metaspace       used 1245K, capacity 4655K, committed 4864K, reserved 1056768K
  class space    used 111K, capacity 420K, committed 512K, reserved 1048576K
}
Event: 2.382 GC heap before
{Heap before GC invocations=11 (full 0):
 garbage-first heap   total 152576K, used 90528K [0x0000000084c00000, 0x0000000100000000)
  region size 1024K, 89 young (91136K), 3 survivors (3072K)
 Metaspace       used 1245K, capacity 4655K, committed 4864K, reserved 1056768K
  class space    used 111K, capacity 420K, committed 512K, reserved 1048576K
}

