# JRE version: Java(TM) SE Runtime Environment (11.0.3+12) (build 11.0.3+12-LTS)
# Java VM: Java HotSpot(TM) 64-Bit Server VM (11.0.3+12-LTS, mixed mode, tiered, compressed oops, g1 gc, windows-amd64)
Heap:
 garbage-first heap   total 1000448K, used 240128K [0x0000000084c00000, 0x0000000100000000)
  region size 1024K, 2 young (2048K), 2 survivors (2048K)
 Metaspace       used 28170K, capacity 29325K, committed 29568K, reserved 1075200K
  class space    used 3662K, capacity 4115K, committed 4224K, reserved 1048576K
GC Heap History (10 events):
Event: 39.889 GC heap after
{Heap after GC invocations=24 (full 0):
 garbage-first heap   total 201728K, used 124928K [0x0000000084c00000, 0x0000000100000000)
  region size 1024K, 2 young (2048K), 2 survivors (2048K)
 Metaspace       used 27843K, capacity 28963K, committed 29184K, reserved 1075200K
  class space    used 3633K, capacity 4078K, committed 4096K, reserved 1048576K
}
Event: 40.112 GC heap before
{Heap before GC invocations=24 (full 0):
 garbage-first heap   total 201728K, used 146432K [0x0000000084c00000, 0x0000000100000000)
  region size 1024K, 23 young (23552K), 2 survivors (2048K)
 Metaspace       used 27843K, capacity 28963K, committed 29184K, reserved 1075200K
  class space    used 3633K, capacity 4078K, committed 4096K, reserved 1048576K
}
Event: 40.144 GC heap after
{Heap after GC invocations=25 (full 0):
 garbage-first heap   total 447488K, used 137578K [0x0000000084c00000, 0x0000000100000000)
  region size 1024K, 3 young (3072K), 3 survivors (3072K)
 Metaspace       used 27843K, capacity 28963K, committed 29184K, reserved 1075200K
  class space    used 3633K, capacity 4078K, committed 4096K, reserved 1048576K
}
Event: 41.166 GC heap before
{Heap before GC invocations=26 (full 0):
 garbage-first heap   total 447488K, used 201066K [0x0000000084c00000, 0x0000000100000000)
  region size 1024K, 88 young (90112K), 3 survivors (3072K)
 Metaspace       used 27843K, capacity 28963K, committed 29184K, reserved 1075200K
  class space    used 3633K, capacity 4078K, committed 4096K, reserved 1048576K
}
Event: 41.260 GC heap after
{Heap after GC invocations=27 (full 0):
 garbage-first heap   total 447488K, used 163313K [0x0000000084c00000, 0x0000000100000000)
  region size 1024K, 11 young (11264K), 11 survivors (11264K)
 Metaspace       used 27843K, capacity 28963K, committed 29184K, reserved 1075200K
  class space    used 3633K, capacity 4078K, committed 4096K, reserved 1048576K
}
Event: 42.127 GC heap before
{Heap before GC invocations=27 (full 0):
 garbage-first heap   total 447488K, used 245233K [0x0000000084c00000, 0x0000000100000000)
  region size 1024K, 91 young (93184K), 11 survivors (11264K)
 Metaspace       used 27843K, capacity 28963K, committed 29184K, reserved 1075200K
  class space    used 3633K, capacity 4078K, committed 4096K, reserved 1048576K
}
Event: 42.222 GC heap after
{Heap after GC invocations=28 (full 0):
 garbage-first heap   total 447488K, used 209408K [0x0000000084c00000, 0x0000000100000000)
  region size 1024K, 12 young (12288K), 12 survivors (12288K)
 Metaspace       used 27843K, capacity 28963K, committed 29184K, reserved 1075200K
  class space    used 3633K, capacity 4078K, committed 4096K, reserved 1048576K
}
Event: 42.965 GC heap before
{Heap before GC invocations=28 (full 0):
 garbage-first heap   total 447488K, used 280064K [0x0000000084c00000, 0x0000000100000000)
  region size 1024K, 81 young (82944K), 12 survivors (12288K)
 Metaspace       used 27843K, capacity 28963K, committed 29184K, reserved 1075200K
  class space    used 3633K, capacity 4078K, committed 4096K, reserved 1048576K
}
Event: 43.054 GC heap after
{Heap after GC invocations=29 (full 0):
 garbage-first heap   total 447488K, used 249344K [0x0000000084c00000, 0x0000000100000000)
  region size 1024K, 11 young (11264K), 11 survivors (11264K)
 Metaspace       used 27843K, capacity 28963K, committed 29184K, reserved 1075200K
  class space    used 3633K, capacity 4078K, committed 4096K, reserved 1048576K
}
Event: 54.799 GC heap before
{Heap before GC invocations=29 (full 0):
 garbage-first heap   total 447488K, used 307712K [0x0000000084c00000, 0x0000000100000000)
  region size 1024K, 68 young (69632K), 11 survivors (11264K)
 Metaspace       used 28170K, capacity 29325K, committed 29568K, reserved 1075200K
  class space    used 3662K, capacity 4115K, committed 4224K, reserved 1048576K
}

